Log file open, 07/14/17 14:12:58
LogInit:Display: Running engine for game: Snake
LogPlatformFile: Not using cached read wrapper
LogInit:Display: RandInit(573088456) SRandInit(573088457).
LogTaskGraph: Started task graph with 5 named threads and 6 total threads with 1 sets of task threads.
LogStats: Stats thread started at 39.473387
LogInit: Using libcurl 7.47.1
LogInit:  - built for x86_64-pc-win32
LogInit:  - supports SSL with OpenSSL/1.0.2g
LogInit:  - supports HTTP deflate (compression) using libz 1.2.8
LogInit:  - other features:
LogInit:      CURL_VERSION_SSL
LogInit:      CURL_VERSION_LIBZ
LogInit:      CURL_VERSION_IPV6
LogInit:      CURL_VERSION_ASYNCHDNS
LogInit:      CURL_VERSION_LARGEFILE
LogInit:      CURL_VERSION_IDN
LogInit:  CurlRequestOptions (configurable via config and command line):
LogInit:  - bVerifyPeer = false  - Libcurl will NOT verify peer certificate
LogInit:  - bUseHttpProxy = false  - Libcurl will NOT use HTTP proxy
LogInit:  - bDontReuseConnections = false  - Libcurl will reuse connections
LogInit:  - CertBundlePath = nullptr  - Libcurl will use whatever was configured at build time.
LogInit: Build: ++UE4+Release-4.15-CL-3450819
LogInit: Engine Version: 4.15.3-3450819+++UE4+Release-4.15
LogInit: Compatible Engine Version: 4.15.0-3299760+++UE4+Release-4.15
LogInit: Net CL: 3299760
LogDevObjectVersion: Number of dev versions registered: 14
LogDevObjectVersion:   Dev-Blueprints (B0D832E4-1F89-4F0D-ACCF-7EB736FD4AA2): 8
LogDevObjectVersion:   Dev-Build (E1C64328-A22C-4D53-A36C-8E866417BD8C): 0
LogDevObjectVersion:   Dev-Core (375EC13C-06E4-48FB-B500-84F0262A717E): 2
LogDevObjectVersion:   Dev-Editor (E4B068ED-F494-42E9-A231-DA0B2E46BB41): 14
LogDevObjectVersion:   Dev-Framework (CFFC743F-43B0-4480-9391-14DF171D2073): 22
LogDevObjectVersion:   Dev-Mobile (B02B49B5-BB20-44E9-A304-32B752E40360): 0
LogDevObjectVersion:   Dev-Networking (A4E4105C-59A1-49B5-A7C5-40C4547EDFEE): 0
LogDevObjectVersion:   Dev-Online (39C831C9-5AE6-47DC-9A44-9C173E1C8E7C): 0
LogDevObjectVersion:   Dev-Physics (78F01B33-EBEA-4F98-B9B4-84EACCB95AA2): 0
LogDevObjectVersion:   Dev-Platform (6631380F-2D4D-43E0-8009-CF276956A95A): 0
LogDevObjectVersion:   Dev-Rendering (12F88B9F-8875-4AFC-A67C-D90C383ABD29): 12
LogDevObjectVersion:   Dev-Sequencer (7B5AE74C-D270-4C10-A958-57980B212A5A): 3
LogDevObjectVersion:   Dev-VR (D7296918-1DD6-4BDD-9DE2-64A83CC13884): 0
LogDevObjectVersion:   Dev-LoadTimes (C2A15278-BFE7-4AFE-6C17-90FF531DF755): 1
LogInit: Compiled (64-bit): May 21 2017 11:02:34
LogInit: Compiled with Visual C++: 19.00.23026.00
LogInit: Build Configuration: Development
LogInit: Branch Name: ++UE4+Release-4.15
LogInit: Command line:  
LogInit: Base directory: C:/Program Files/Epic Games/UE_4.15/Engine/Binaries/Win64/
LogInit: Installed Engine Build: 1
LogInit: Presizing for max 8388607 objects, including 0 objects not considered by GC, pre-allocating 0 bytes for permanent pool.
LogInit: Object subsystem initialized
[2017.07.14-09.13.02:507][  0]LogInit: Selected Device Profile: [Windows]
[2017.07.14-09.13.02:507][  0]LogInit: Applying CVar settings loaded from the selected device profile: [Windows]
[2017.07.14-09.13.02:717][  0]LogInit: Computer: DESKTOP-I7SQD7U
[2017.07.14-09.13.02:717][  0]LogInit: User: IT
[2017.07.14-09.13.02:717][  0]LogInit: CPU Page size=65536, Cores=2
[2017.07.14-09.13.02:717][  0]LogInit: High frequency timer resolution =2.733584 MHz
[2017.07.14-09.13.02:717][  0]LogMemory: Memory total: Physical=7.7GB (8GB approx)
[2017.07.14-09.13.02:717][  0]LogMemory: Platform Memory Stats for Windows
[2017.07.14-09.13.02:717][  0]LogMemory: Process Physical Memory: 262.78 MB used, 262.78 MB peak
[2017.07.14-09.13.02:717][  0]LogMemory: Process Virtual Memory: 262.21 MB used, 262.21 MB peak
[2017.07.14-09.13.02:717][  0]LogMemory: Physical Memory: 3933.50 MB used,  3932.26 MB free, 7865.76 MB total
[2017.07.14-09.13.02:717][  0]LogMemory: Virtual Memory: 638.43 MB used,  3932.26 MB free, 134217728.00 MB total
[2017.07.14-09.13.05:147][  0]LogTextLocalizationManager: No translations for ('ru-RU') exist, falling back to 'en' for localization and internationalization data.
[2017.07.14-09.13.21:233][  0]LogD3D11RHI: D3D11 adapters:
[2017.07.14-09.13.21:294][  0]LogD3D11RHI:    0. 'Intel(R) HD Graphics' (Feature Level 11_0)
[2017.07.14-09.13.21:294][  0]LogD3D11RHI:       112/0/2048 MB DedicatedVideo/DedicatedSystem/SharedSystem, Outputs:1, VendorId:0x8086
[2017.07.14-09.13.21:296][  0]LogD3D11RHI:    1. 'Microsoft Basic Render Driver' (Feature Level 11_0)
[2017.07.14-09.13.21:296][  0]LogD3D11RHI:       0/0/3932 MB DedicatedVideo/DedicatedSystem/SharedSystem, Outputs:0, VendorId:0x1414
[2017.07.14-09.13.21:296][  0]LogD3D11RHI: Chosen D3D11 Adapter: 0
[2017.07.14-09.13.21:314][  0]LogD3D11RHI: Creating new Direct3DDevice
[2017.07.14-09.13.21:314][  0]LogD3D11RHI:     GPU DeviceId: 0x402 (for the marketing name, search the web for "GPU Device Id")
[2017.07.14-09.13.21:314][  0]LogWindows: EnumDisplayDevices:
[2017.07.14-09.13.21:314][  0]LogWindows:    0. 'Intel(R) HD Graphics' (P:1 D:1)
[2017.07.14-09.13.21:315][  0]LogWindows:    1. 'Intel(R) HD Graphics' (P:0 D:0)
[2017.07.14-09.13.21:315][  0]LogWindows: DebugString: FoundDriverCount:2 
[2017.07.14-09.13.21:315][  0]LogD3D11RHI:     Adapter Name: Intel(R) HD Graphics
[2017.07.14-09.13.21:340][  0]LogD3D11RHI:   Driver Version: 20.19.15.4531 (internal:20.19.15.4531, unified:20.19.15.4531)
[2017.07.14-09.13.21:340][  0]LogD3D11RHI:      Driver Date: 9-29-2016
[2017.07.14-09.13.21:340][  0]LogRHI: Texture pool is 795 MB (70% of 1136 MB)
[2017.07.14-09.13.21:378][  0]LogD3D11RHI: Async texture creation enabled
[2017.07.14-09.13.23:542][  0]LogD3D11RHI: GPU Timing Frequency: 12.500000 (Debug: 2 0)
[2017.07.14-09.13.25:195][  0]LogShaderCompilers: Guid format shader working directory is 34 characters bigger than the processId version (F:/Snake/Intermediate/Shaders/WorkingDirectory/11912/).
[2017.07.14-09.13.25:195][  0]LogShaderCompilers: Cleaned the shader compiler working directory 'C:/Users/IT/AppData/Local/Temp/UnrealShaderWorkingDir/5A24A6064C1FCE1CED209BBE755C8B92/'.
[2017.07.14-09.13.25:335][  0]LogShaderCompilers:Display: Using Local Shader Compiler.
[2017.07.14-09.13.52:271][  0]LogTemp:Display: Loaded TP AllDesktopTargetPlatform
[2017.07.14-09.13.52:403][  0]LogTemp:Display: Loaded TP MacClientTargetPlatform
[2017.07.14-09.13.52:518][  0]LogTemp:Display: Loaded TP MacNoEditorTargetPlatform
[2017.07.14-09.13.52:759][  0]LogTemp:Display: Loaded TP MacServerTargetPlatform
[2017.07.14-09.13.53:028][  0]LogTemp:Display: Loaded TP MacTargetPlatform
[2017.07.14-09.13.53:128][  0]LogTemp:Display: Loaded TP WindowsClientTargetPlatform
[2017.07.14-09.13.53:227][  0]LogTemp:Display: Loaded TP WindowsNoEditorTargetPlatform
[2017.07.14-09.13.53:337][  0]LogTemp:Display: Loaded TP WindowsServerTargetPlatform
[2017.07.14-09.13.53:430][  0]LogTemp:Display: Loaded TP WindowsTargetPlatform
[2017.07.14-09.13.53:570][  0]LogTemp:Display: Loaded TP AndroidTargetPlatform
[2017.07.14-09.13.53:671][  0]LogTemp:Display: Loaded TP Android_ASTCTargetPlatform
[2017.07.14-09.13.53:774][  0]LogTemp:Display: Loaded TP Android_ATCTargetPlatform
[2017.07.14-09.13.53:882][  0]LogTemp:Display: Loaded TP Android_DXTTargetPlatform
[2017.07.14-09.13.53:991][  0]LogTemp:Display: Loaded TP Android_ETC1TargetPlatform
[2017.07.14-09.13.54:095][  0]LogTemp:Display: Loaded TP Android_ETC2TargetPlatform
[2017.07.14-09.13.54:347][  0]LogTemp:Display: Loaded TP Android_MultiTargetPlatform
[2017.07.14-09.13.54:347][  0]LogTemp:Display: Loaded TP Android_PVRTCTargetPlatform
[2017.07.14-09.13.54:433][  0]LogTemp:Display: Loaded TP HTML5TargetPlatform
[2017.07.14-09.13.54:849][  0]LogTemp:Display: Loaded TP IOSTargetPlatform
[2017.07.14-09.13.54:906][  0]LogTemp:Display: Loaded TP TVOSTargetPlatform
[2017.07.14-09.13.55:024][  0]LogTemp:Display: Loaded TP LinuxClientTargetPlatform
[2017.07.14-09.13.55:131][  0]LogTemp:Display: Loaded TP LinuxNoEditorTargetPlatform
[2017.07.14-09.13.55:240][  0]LogTemp:Display: Loaded TP LinuxServerTargetPlatform
[2017.07.14-09.13.55:372][  0]LogTemp:Display: Loaded TP LinuxTargetPlatform
[2017.07.14-09.13.55:372][  0]LogTargetPlatformManager:Display: Building Assets For Windows
[2017.07.14-09.13.58:966][  0]LogDerivedDataCache:Display: Max Cache Size: 512 MB
[2017.07.14-09.14.05:362][  0]LogDerivedDataCache: Loaded boot cache 6.40s 53MB C:/Users/IT/AppData/Local/UnrealEngine/4.15/DerivedDataCache/Boot.ddc.
[2017.07.14-09.14.05:362][  0]LogDerivedDataCache:Display: Loaded Boot cache: C:/Users/IT/AppData/Local/UnrealEngine/4.15/DerivedDataCache/Boot.ddc
[2017.07.14-09.14.05:362][  0]LogDerivedDataCache: FDerivedDataBackendGraph:  Pak pak cache file F:/Snake/DerivedDataCache/DDC.ddp not found, will not use a pak cache.
[2017.07.14-09.14.05:362][  0]LogDerivedDataCache: Unable to find inner node Pak for hierarchical cache Hierarchy.
[2017.07.14-09.14.05:362][  0]LogDerivedDataCache: FDerivedDataBackendGraph:  CompressedPak pak cache file F:/Snake/DerivedDataCache/Compressed.ddp not found, will not use a pak cache.
[2017.07.14-09.14.05:362][  0]LogDerivedDataCache: Unable to find inner node CompressedPak for hierarchical cache Hierarchy.
[2017.07.14-09.14.05:484][  0]LogDerivedDataCache:Display: Pak cache opened for reading ../../../Engine/DerivedDataCache/Compressed.ddp.
[2017.07.14-09.14.05:514][  0]LogDerivedDataCache: Using Local data cache path C:/Users/IT/AppData/Local/UnrealEngine/Common/DerivedDataCache: Writable
[2017.07.14-09.14.06:442][  0]LogSlate: Using Freetype 2.6.0
[2017.07.14-09.14.06:668][  0]LogSlate: SlateFontCache - WITH_FREETYPE: 1, WITH_HARFBUZZ: 1
[2017.07.14-09.14.06:668][  0]LogSlate: SlateFontCache - WITH_FREETYPE: 1, WITH_HARFBUZZ: 1
[2017.07.14-09.14.58:313][  0]LogInit: Selected Device Profile: [Windows]
[2017.07.14-09.14.58:659][  0]LogContentStreaming: Texture pool size is 0.00 MB
[2017.07.14-09.15.00:612][  0]LogMeshUtilities: Using QuadricMeshReduction for automatic static mesh reduction
[2017.07.14-09.15.00:751][  0]LogSimplygon: Simplygon DLL not present - disabling.
[2017.07.14-09.15.00:864][  0]LogMeshUtilities: Using SimplygonSwarm for distributed automatic mesh merging
[2017.07.14-09.15.00:864][  0]LogMeshUtilities: No automatic skeletal mesh reduction module available
[2017.07.14-09.15.00:864][  0]LogMeshUtilities: No automatic mesh merging module available
[2017.07.14-09.15.12:187][  0]LogNetVersion: GetLocalNetworkVersion: CL: 3299760, ProjectName: snake, ProjectVersion: , EngineNetworkVersion: 2, GameNetworkVersion: 0, NetworkChecksum: 875351814
[2017.07.14-09.15.12:314][  0]LogAssetRegistry: FAssetRegistry took 0.0227 seconds to start up
[2017.07.14-09.15.12:773][  0]LogPackageLocalizationCache: Processed 3 localized package path(s) for 1 prioritized culture(s) in 0.318328 seconds
[2017.07.14-09.15.12:780][  0]LogUObjectArray: 32493 objects as part of root set at end of initial load.
[2017.07.14-09.15.12:780][  0]LogUObjectAllocator: 7077024 out of 0 bytes used by permanent object pool.
[2017.07.14-09.15.12:780][  0]LogUObjectArray: CloseDisregardForGC: 0/0 objects in disregard for GC pool
[2017.07.14-09.15.13:006][  0]LogInit: WinSock: version 1.1 (2.2), MaxSocks=32767, MaxUdp=65467
[2017.07.14-09.16.05:303][  0]LogTcpMessaging: Initializing TcpMessaging bridge
[2017.07.14-09.16.05:396][  0]LogUdpMessaging: Initializing bridge on interface 0.0.0.0:0 to multicast group 230.0.0.1:6666.
[2017.07.14-09.16.10:024][  0]LogMaterial: Uniform references updated for custom material expression Custom.
[2017.07.14-09.16.12:299][  0]SourceControl: Info Source control is disabled
[2017.07.14-09.16.16:462][  0]SourceControl: Info Source control is disabled
[2017.07.14-09.16.16:966][  0]SourceControl: Info Source control is disabled
[2017.07.14-09.16.17:137][  0]SourceControl: Info Source control is disabled
[2017.07.14-09.16.25:388][  0]LogEngine: Initializing Engine...
[2017.07.14-09.16.25:526][  0]LogHMD: Failed to initialize OpenVR with code 110
[2017.07.14-09.16.25:833][  0]LogStats: UGameplayTagsManager::ConstructGameplayTagTree: Construct from data asset -  0.000 s
[2017.07.14-09.16.25:835][  0]LogStats: UGameplayTagsManager::ConstructGameplayTagTree: GameplayTagTreeChangedEvent.Broadcast -  0.002 s
[2017.07.14-09.16.29:524][  0]LogAIModule: Creating AISystem for world Untitled
[2017.07.14-09.16.30:353][  0]LogInit: XAudio2 using 'Динамики (Realtek High Definition Audio)' : 2 channels at 48 kHz using 32 bits per sample (channel mask 0x3)
[2017.07.14-09.16.30:659][  0]LogInit: FAudioDevice initialized.
[2017.07.14-09.16.30:698][  0]LogDerivedDataCache: Saved boot cache 0.04s 55MB C:/Users/IT/AppData/Local/UnrealEngine/4.15/DerivedDataCache/Boot.ddc.
[2017.07.14-09.16.30:710][  0]LogInit: Texture streaming: Enabled
[2017.07.14-09.16.33:090][  0]LogEngineSessionManager: EngineSessionManager initialized
[2017.07.14-09.16.35:865][  0]LogInit: Transaction tracking system initialized
[2017.07.14-09.16.38:704][  0]BlueprintLog: New page: Editor Load
[2017.07.14-09.16.49:900][  0]LocalizationService: Info Localization service is disabled
[2017.07.14-09.16.59:839][  0]LogConsoleResponse:Display: 
[2017.07.14-09.17.04:980][  0]LogCook:Display: Max memory allowance for cook 16384mb min free memory 0mb
[2017.07.14-09.17.05:100][  0]LogCook:Display: Mobile HDR setting 1
[2017.07.14-09.17.10:304][  0]LogFileCache: Scanning file cache for directory 'F:/Snake/Content/' took 5.61s
[2017.07.14-09.17.37:996][  0]SourceControl: Info Source control is disabled
[2017.07.14-09.17.39:083][  0]Cmd: MAP LOAD FILE="F:/Snake/Content/SnakeMap.umap" TEMPLATE=0 SHOWPROGRESS=1 FEATURELEVEL=3
[2017.07.14-09.17.39:343][  0]LightingResults: New page: Lighting Build
[2017.07.14-09.17.40:764][  0]MapCheck: New page: Map Check
[2017.07.14-09.17.40:764][  0]LightingResults: New page: Lighting Build
[2017.07.14-09.17.47:598][  0]LogAIModule: Creating AISystem for world SnakeMap
[2017.07.14-09.17.49:474][  0]LogEditorServer: Finished looking for orphan Actors (0.000 secs)
[2017.07.14-09.17.49:645][  0]Cmd: MAP CHECKDEP NOCLEARLOG
[2017.07.14-09.17.49:830][  0]MapCheck: Info Map check complete: 0 Error(s), 0 Warning(s), took 184.445ms to complete.
[2017.07.14-09.17.49:830][  0]LogFileHelpers: Loading map 'SnakeMap' took 11.381
[2017.07.14-09.17.57:555][  0]LogCollectionManager: Loaded 0 collections in 0.003811 seconds
[2017.07.14-09.17.59:667][  0]LogFileCache: Scanning file cache for directory 'F:/Snake/Saved/Collections/' took 0.01s
[2017.07.14-09.17.59:667][  0]LogFileCache: Scanning file cache for directory 'F:/Snake/Content/Developers/IT/Collections/' took 0.03s
[2017.07.14-09.17.59:667][  0]LogFileCache: Scanning file cache for directory 'F:/Snake/Content/Collections/' took 0.00s
[2017.07.14-09.17.59:667][  0]LogCollectionManager: Rebuilt the GUID cache for 0 collections in 0.000002 seconds
[2017.07.14-09.17.59:771][  0]LogContentBrowser: Native class hierarchy populated in 0.0597 seconds. Added 2251 classes and 458 folders.
[2017.07.14-09.18.00:228][  0]LogContentBrowser: Native class hierarchy updated for 'WidgetCarousel' in 0.0015 seconds. Added 0 classes and 0 folders.
[2017.07.14-09.18.15:517][  0]LogContentBrowser: Native class hierarchy updated for 'AddContentDialog' in 0.0017 seconds. Added 0 classes and 0 folders.
[2017.07.14-09.18.16:146][  0]LogContentBrowser: Native class hierarchy updated for 'SceneOutliner' in 0.0015 seconds. Added 1 classes and 2 folders.
[2017.07.14-09.18.24:087][  0]LogCrashTracker: Crashtracker disabled due to settings.
[2017.07.14-09.18.26:614][  0]LogUObjectGlobals:Warning: Failed to find object 'Class None.'
[2017.07.14-09.18.28:237][  0]LogContentBrowser: Native class hierarchy updated for 'HierarchicalLODOutliner' in 0.0016 seconds. Added 1 classes and 2 folders.
[2017.07.14-09.18.28:243][  0]LogLoad: (Engine Initialization) Total time: 396.50 seconds
[2017.07.14-09.18.28:243][  0]LogLoad: (Engine Initialization) Total Blueprint compile time: 1.16 seconds
[2017.07.14-09.18.28:243][  0]LogExternalProfiler: Found external profiler: VSPerf
[2017.07.14-09.18.28:243][  0]LogExternalProfiler: Using external profiler: VSPerf
[2017.07.14-09.18.29:008][  0]LogOcInput: OculusInput pre-init called
[2017.07.14-09.18.32:387][  0]LogContentStreaming: Texture pool size now 400 MB
[2017.07.14-09.18.34:627][  0]LogSlate: Took 0.311852 seconds to synchronously load lazily loaded font '../../../Engine/Content/Slate/Fonts/Roboto-Regular.ttf' (155K)
[2017.07.14-09.18.35:126][  0]LogSlate: Took 0.473845 seconds to synchronously load lazily loaded font '../../../Engine/Content/Slate/Fonts/Roboto-Bold.ttf' (160K)
[2017.07.14-09.18.36:129][  0]LogSlate: Took 0.525760 seconds to synchronously load lazily loaded font '../../../Engine/Content/Editor/Slate/Fonts/FontAwesome.ttf' (139K)
[2017.07.14-09.18.45:736][  0]LogRenderer: Reallocating scene render targets to support 780x372 NumSamples 1 (Frame:2).
[2017.07.14-09.18.45:736][  0]LogSlate: Took 0.546506 seconds to synchronously load lazily loaded font '../../../Engine/Content/Slate/Fonts/Roboto-Light.ttf' (159K)
[2017.07.14-09.18.59:947][  4]LogAssetRegistry: Asset discovery search completed in 227.6560 seconds
[2017.07.14-09.18.59:947][  4]LogCollectionManager: Rebuilt the object cache for 0 collections in 0.000014 seconds (found 0 objects)
[2017.07.14-09.18.59:947][  4]LogCollectionManager: Fixed up redirectors for 0 collections in 0.000030 seconds (updated 0 objects)
[2017.07.14-09.19.39:435][612]LogSlate: Took 0.000240 seconds to synchronously load lazily loaded font '../../../Engine/Content/Slate/Fonts/Roboto-Light.ttf' (159K)
[2017.07.14-09.19.55:158][612]LogVSAccessor:Warning: Couldn't goto line number '0' in 'F:/Snake/Source/Snake/MySnakeActor.h'
[2017.07.14-09.19.55:627][612]LogVSAccessor:Warning: Couldn't goto line number '0' in 'F:/Snake/Source/Snake/MySnakeActor.cpp'
